
===============Init Logging================

28/02/2012 - 14:42:53 	===== Ouverture de session =====
28/02/2012 - 14:45:40 	===== Fermeture de session =====

===============Finish Logging================


===============Init Logging================

28/02/2012 - 16:25:48 	===== Ouverture de session =====
28/02/2012 - 16:26:16 	===== Fermeture de session =====

===============Finish Logging================


===============Init Logging================

28/02/2012 - 16:28:55 	===== Ouverture de session =====
28/02/2012 - 16:30:23 	===== Fermeture de session =====

===============Finish Logging================


===============Init Logging================

28/02/2012 - 17:01:59 	===== Ouverture de session =====
28/02/2012 - 17:04:08 	Début du calcul
28/02/2012 - 17:04:08 	Nombre de positions : 150
28/02/2012 - 17:04:08 	Simulation inactivée
28/02/2012 - 17:04:08 	Lecture des conditions initiales
28/02/2012 - 17:04:09 	Fin du calcul
28/02/2012 - 17:06:28 	===== Fermeture de session =====

===============Finish Logging================


===============Init Logging================

23/12/2013 - 10:33:54 	===== Ouverture de session =====
23/12/2013 - 10:34:29 	===== Fermeture de session =====

===============Finish Logging================


===============Init Logging================

08/04/2014 - 11:23:15 	===== Ouverture de session =====
08/04/2014 - 11:25:14 	Début du calcul
08/04/2014 - 11:25:14 	Nombre de positions : 150
08/04/2014 - 11:25:14 	Simulation inactivée
08/04/2014 - 11:25:14 	Lecture des conditions initiales
08/04/2014 - 11:25:14 	Fin du calcul
08/04/2014 - 11:33:42 	===== Fermeture de session =====

===============Finish Logging================


===============Init Logging================

08/04/2014 - 11:39:48 	===== Ouverture de session =====
08/04/2014 - 11:49:12 	Début du calcul
08/04/2014 - 11:49:12 	Nombre de positions : 20
08/04/2014 - 11:49:12 	Simulation inactivée
08/04/2014 - 11:49:12 	Lecture des conditions initiales
08/04/2014 - 11:49:17 	Analyse du système incorrecte
08/04/2014 - 11:49:17 	Abandon du calcul
08/04/2014 - 11:50:24 	Début du calcul
08/04/2014 - 11:50:24 	Nombre de positions : 20
08/04/2014 - 11:50:24 	Simulation inactivée
08/04/2014 - 11:50:24 	Lecture des conditions initiales
08/04/2014 - 11:50:29 	Fin du calcul
08/04/2014 - 11:50:48 	Début du calcul
08/04/2014 - 11:50:48 	Nombre de positions : 15
08/04/2014 - 11:50:48 	Simulation inactivée
08/04/2014 - 11:50:48 	Lecture des conditions initiales
08/04/2014 - 11:50:58 	Fin du calcul
08/04/2014 - 11:51:14 	Début du calcul
08/04/2014 - 11:51:14 	Nombre de positions : 15
08/04/2014 - 11:51:14 	Simulation inactivée
08/04/2014 - 11:51:14 	Lecture des conditions initiales
08/04/2014 - 11:51:14 	Fin du calcul
08/04/2014 - 11:53:26 	===== Fermeture de session =====

===============Finish Logging================


===============Init Logging================

08/04/2014 - 11:52:12 	===== Ouverture de session =====
08/04/2014 - 11:53:26 	===== Fermeture de session =====

===============Finish Logging================


===============Init Logging================

08/04/2014 - 12:13:15 	===== Ouverture de session =====
08/04/2014 - 12:14:42 	Début du calcul
08/04/2014 - 12:14:42 	Nombre de positions : 100
08/04/2014 - 12:14:42 	Simulation inactivée
08/04/2014 - 12:14:42 	Lecture des conditions initiales
08/04/2014 - 12:14:42 	Fin du calcul
08/04/2014 - 12:16:07 	Début du calcul
08/04/2014 - 12:16:07 	Nombre de positions : 100
08/04/2014 - 12:16:07 	Simulation inactivée
08/04/2014 - 12:16:07 	Lecture des conditions initiales
08/04/2014 - 12:16:07 	Fin du calcul
08/04/2014 - 12:16:33 	===== Fermeture de session =====

===============Finish Logging================


===============Init Logging================

08/04/2014 - 12:28:06 	===== Ouverture de session =====
08/04/2014 - 12:34:54 	Début du calcul
08/04/2014 - 12:34:54 	Nombre de positions : 100
08/04/2014 - 12:34:54 	Simulation inactivée
08/04/2014 - 12:34:54 	Lecture des conditions initiales
08/04/2014 - 12:34:54 	Fin du calcul
08/04/2014 - 12:43:32 	===== Fermeture de session =====

===============Finish Logging================

