
===============Init Logging================

08/04/2014 - 11:55:47 	===== Ouverture de session =====
08/04/2014 - 11:56:15 	===== Fermeture de session =====

===============Finish Logging================


===============Init Logging================

08/04/2014 - 11:56:30 	===== Ouverture de session =====
08/04/2014 - 12:08:58 	Début du calcul
08/04/2014 - 12:08:58 	Nombre de positions : 15
08/04/2014 - 12:08:58 	Simulation inactivée
08/04/2014 - 12:08:58 	Lecture des conditions initiales
08/04/2014 - 12:09:00 	Analyse du système incorrecte
08/04/2014 - 12:09:00 	Abandon du calcul
08/04/2014 - 12:09:25 	Début du calcul
08/04/2014 - 12:09:25 	Nombre de positions : 15
08/04/2014 - 12:09:25 	Simulation inactivée
08/04/2014 - 12:09:25 	Lecture des conditions initiales
08/04/2014 - 12:09:27 	Analyse du système incorrecte
08/04/2014 - 12:09:27 	Abandon du calcul
08/04/2014 - 12:10:09 	Début du calcul
08/04/2014 - 12:10:09 	Nombre de positions : 150
08/04/2014 - 12:10:09 	Simulation inactivée
08/04/2014 - 12:10:09 	Lecture des conditions initiales
08/04/2014 - 12:10:13 	Analyse du système incorrecte
08/04/2014 - 12:10:13 	Abandon du calcul
08/04/2014 - 12:10:47 	Début du calcul
08/04/2014 - 12:10:47 	Nombre de positions : 150
08/04/2014 - 12:10:47 	Simulation inactivée
08/04/2014 - 12:10:47 	Lecture des conditions initiales
08/04/2014 - 12:10:51 	Analyse du système incorrecte
08/04/2014 - 12:10:51 	Abandon du calcul
08/04/2014 - 12:11:30 	Début du calcul
08/04/2014 - 12:11:30 	Nombre de positions : 150
08/04/2014 - 12:11:30 	Simulation inactivée
08/04/2014 - 12:11:30 	Lecture des conditions initiales
08/04/2014 - 12:11:32 	Analyse du système incorrecte
08/04/2014 - 12:11:32 	Abandon du calcul
08/04/2014 - 12:12:47 	===== Fermeture de session =====

===============Finish Logging================


===============Init Logging================

08/04/2014 - 12:16:39 	===== Ouverture de session =====
08/04/2014 - 12:17:22 	Début du calcul
08/04/2014 - 12:17:22 	Nombre de positions : 150
08/04/2014 - 12:17:22 	Simulation inactivée
08/04/2014 - 12:17:22 	Lecture des conditions initiales
08/04/2014 - 12:17:22 	Fin du calcul
08/04/2014 - 12:27:52 	===== Fermeture de session =====

===============Finish Logging================


===============Init Logging================

08/04/2014 - 13:04:49 	===== Ouverture de session =====
08/04/2014 - 13:19:49 	===== Fermeture de session =====

===============Finish Logging================


===============Init Logging================

08/10/2014 - 09:49:06 	===== Ouverture de session =====
08/10/2014 - 09:53:03 	Début du calcul
08/10/2014 - 09:53:03 	Nombre de positions : 150
08/10/2014 - 09:53:03 	Simulation inactivée
08/10/2014 - 09:53:03 	Lecture des conditions initiales
08/10/2014 - 09:53:03 	Fin du calcul
08/10/2014 - 09:59:15 	Début du calcul
08/10/2014 - 09:59:15 	Nombre de positions : 150
08/10/2014 - 09:59:15 	Simulation inactivée
08/10/2014 - 09:59:15 	Lecture des conditions initiales
08/10/2014 - 09:59:15 	Fin du calcul
08/10/2014 - 09:59:28 	Début du calcul
08/10/2014 - 09:59:28 	Nombre de positions : 150
08/10/2014 - 09:59:28 	Simulation inactivée
08/10/2014 - 09:59:28 	Lecture des conditions initiales
08/10/2014 - 09:59:28 	Fin du calcul
08/10/2014 - 10:03:40 	===== Fermeture de session =====

===============Finish Logging================


===============Init Logging================

21/11/2014 - 17:31:30 	===== Ouverture de session =====
21/11/2014 - 17:36:16 	===== Fermeture de session =====

===============Finish Logging================


===============Init Logging================

21/11/2014 - 17:36:27 	===== Ouverture de session =====
21/11/2014 - 17:37:07 	===== Fermeture de session =====

===============Finish Logging================


===============Init Logging================

21/11/2014 - 17:40:46 	===== Ouverture de session =====
21/11/2014 - 17:41:29 	===== Fermeture de session =====

===============Finish Logging================


===============Init Logging================

21/11/2014 - 17:43:35 	===== Ouverture de session =====
21/11/2014 - 17:46:26 	Début du calcul
21/11/2014 - 17:46:26 	Nombre de positions : 150
21/11/2014 - 17:46:26 	Simulation inactivée
21/11/2014 - 17:46:26 	Lecture des conditions initiales
21/11/2014 - 17:46:26 	Fin du calcul
21/11/2014 - 17:51:55 	Début du calcul
21/11/2014 - 17:51:55 	Nombre de positions : 150
21/11/2014 - 17:51:55 	Simulation inactivée
21/11/2014 - 17:51:55 	Lecture des conditions initiales
21/11/2014 - 17:51:55 	Fin du calcul
21/11/2014 - 17:54:03 	===== Fermeture de session =====

===============Finish Logging================


===============Init Logging================

08/11/2015 - 17:49:26 	===== Ouverture de session =====
08/11/2015 - 17:52:52 	Début du calcul
08/11/2015 - 17:52:52 	Nombre de positions : 150
08/11/2015 - 17:52:52 	Simulation inactivée
08/11/2015 - 17:52:52 	Lecture des conditions initiales
08/11/2015 - 17:52:52 	Fin du calcul
08/11/2015 - 17:58:52 	Début du calcul
08/11/2015 - 17:58:52 	Nombre de positions : 150
08/11/2015 - 17:58:52 	Simulation inactivée
08/11/2015 - 17:58:52 	Lecture des conditions initiales

===============Init Logging================

08/11/2015 - 18:03:38 	===== Ouverture de session =====
08/11/2015 - 18:08:40 	Début du calcul
08/11/2015 - 18:08:40 	Nombre de positions : 150
08/11/2015 - 18:08:40 	Simulation inactivée
08/11/2015 - 18:08:40 	Lecture des conditions initiales
08/11/2015 - 18:08:40 	Fin du calcul
08/11/2015 - 18:19:20 	Début du calcul
08/11/2015 - 18:19:20 	Nombre de positions : 150
08/11/2015 - 18:19:20 	Simulation inactivée
08/11/2015 - 18:19:20 	Lecture des conditions initiales
08/11/2015 - 18:19:20 	Fin du calcul
08/11/2015 - 18:20:17 	===== Fermeture de session =====

===============Finish Logging================

08/11/2015 - 17:58:52 	Fin du calcul
08/11/2015 - 18:25:41 	===== Fermeture de session =====

===============Finish Logging================


===============Init Logging================

26/01/2018 - 11:01:57 	===== Ouverture de session =====
26/01/2018 - 11:06:03 	Début du calcul
26/01/2018 - 11:06:03 	Nombre de positions : 150
26/01/2018 - 11:06:03 	Simulation inactivée
26/01/2018 - 11:06:03 	Fin du calcul
26/01/2018 - 11:11:03 	Début du calcul
26/01/2018 - 11:11:03 	Nombre de positions : 150
26/01/2018 - 11:11:03 	Simulation inactivée
26/01/2018 - 11:11:04 	Fin du calcul
26/01/2018 - 11:14:26 	===== Fermeture de session =====

===============Finish Logging================


===============Init Logging================

26/01/2018 - 11:14:57 	===== Ouverture de session =====
26/01/2018 - 11:15:16 	===== Fermeture de session =====

===============Finish Logging================


===============Init Logging================

06/01/2023 - 15:25:32 	===== Ouverture de session =====
06/01/2023 - 15:30:21 	===== Fermeture de session =====

===============Finish Logging================


===============Init Logging================

06/01/2023 - 15:31:06 	===== Ouverture de session =====
06/01/2023 - 15:45:22 	===== Fermeture de session =====

===============Finish Logging================

