
===============Init Logging================

08/04/2014 - 12:44:23 	===== Ouverture de session =====
08/04/2014 - 12:44:34 	===== Fermeture de session =====

===============Finish Logging================


===============Init Logging================

08/04/2014 - 12:58:19 	===== Ouverture de session =====
08/04/2014 - 12:59:52 	Début du calcul
08/04/2014 - 12:59:52 	Nombre de positions : 100
08/04/2014 - 12:59:52 	Simulation inactivée
08/04/2014 - 12:59:52 	Lecture des conditions initiales
08/04/2014 - 12:59:52 	Fin du calcul
08/04/2014 - 13:03:14 	===== Fermeture de session =====

===============Finish Logging================


===============Init Logging================

21/11/2014 - 17:37:17 	===== Ouverture de session =====
21/11/2014 - 17:37:36 	===== Fermeture de session =====

===============Finish Logging================


===============Init Logging================

08/11/2015 - 18:01:55 	===== Ouverture de session =====
08/11/2015 - 18:03:23 	===== Fermeture de session =====

===============Finish Logging================


===============Init Logging================

04/01/2017 - 12:32:04 	===== Ouverture de session =====
04/01/2017 - 12:32:47 	Début du calcul
04/01/2017 - 12:32:47 	Nombre de positions : 100
04/01/2017 - 12:32:47 	Simulation inactivée
04/01/2017 - 12:32:47 	Lecture des conditions initiales
04/01/2017 - 12:32:47 	Fin du calcul
04/01/2017 - 12:33:25 	===== Fermeture de session =====

===============Finish Logging================


===============Init Logging================

25/01/2018 - 16:26:41 	===== Ouverture de session =====
25/01/2018 - 16:28:16 	Début du calcul
25/01/2018 - 16:28:16 	Nombre de positions : 100
25/01/2018 - 16:28:16 	Simulation inactivée
25/01/2018 - 16:28:16 	Fin du calcul
25/01/2018 - 16:30:09 	Début du calcul
25/01/2018 - 16:30:09 	Nombre de positions : 100
25/01/2018 - 16:30:09 	Simulation inactivée
25/01/2018 - 16:30:09 	Fin du calcul
25/01/2018 - 16:33:11 	===== Fermeture de session =====

===============Finish Logging================


===============Init Logging================

14/01/2019 - 11:15:05 	===== Ouverture de session =====
14/01/2019 - 11:15:36 	Début du calcul
14/01/2019 - 11:15:36 	Nombre de positions : 100
14/01/2019 - 11:15:36 	Simulation inactivée
14/01/2019 - 11:15:37 	Fin du calcul
14/01/2019 - 12:00:32 	===== Fermeture de session =====

===============Finish Logging================

